d:\visualstudiostd\modelling-heydar-aliyev-centre-main\debug\vc142.pdb
d:\visualstudiostd\modelling-heydar-aliyev-centre-main\debug\vc142.idb
d:\visualstudiostd\modelling-heydar-aliyev-centre-main\debug\main.obj
d:\visualstudiostd\modelling-heydar-aliyev-centre-main\debug\camera.obj
d:\visualstudiostd\modelling-heydar-aliyev-centre-main\debug\triangleraster.obj
d:\visualstudiostd\modelling-heydar-aliyev-centre-main\debug\models_define.obj
d:\visualstudiostd\modelling-heydar-aliyev-centre-main\debug\matrixfunc.obj
d:\visualstudiostd\modelling-heydar-aliyev-centre-main\debug\model.obj
d:\visualstudiostd\modelling-heydar-aliyev-centre-main\debug\eventprocess.obj
d:\visualstudiostd\modelling-heydar-aliyev-centre-main\debug\transform.obj
d:\visualstudiostd\modelling-heydar-aliyev-centre-main\debug\linefunc.obj
d:\visualstudiostd\modelling-heydar-aliyev-centre-main\debug\global_defines.obj
d:\visualstudiostd\modelling-heydar-aliyev-centre-main\debug\light.obj
d:\visualstudiostd\modelling-heydar-aliyev-centre-main\debug\try.exe
d:\visualstudiostd\modelling-heydar-aliyev-centre-main\debug\try.ilk
d:\visualstudiostd\modelling-heydar-aliyev-centre-main\debug\try.pdb
d:\visualstudiostd\modelling-heydar-aliyev-centre-main\debug\try.tlog\cl.command.1.tlog
d:\visualstudiostd\modelling-heydar-aliyev-centre-main\debug\try.tlog\cl.read.1.tlog
d:\visualstudiostd\modelling-heydar-aliyev-centre-main\debug\try.tlog\cl.write.1.tlog
d:\visualstudiostd\modelling-heydar-aliyev-centre-main\debug\try.tlog\link.command.1.tlog
d:\visualstudiostd\modelling-heydar-aliyev-centre-main\debug\try.tlog\link.read.1.tlog
d:\visualstudiostd\modelling-heydar-aliyev-centre-main\debug\try.tlog\link.write.1.tlog
